2025-11-19 09:09:26,665 INFO sentence_transformers.SentenceTransformer: Use pytorch device_name: cuda
2025-11-19 09:09:26,666 INFO sentence_transformers.SentenceTransformer: Load pretrained SentenceTransformer: sentence-transformers/all-mpnet-base-v2
2025-11-19 09:09:28,300 INFO sentence_transformers.cross_encoder.CrossEncoder: Use pytorch device: cuda
INFO:     Started server process [96848]
INFO:     Waiting for application startup.
INFO:     Application startup complete.
INFO:     Uvicorn running on http://0.0.0.0:8000 (Press CTRL+C to quit)
INFO:     127.0.0.1:48366 - "GET /health HTTP/1.1" 200 OK
INFO:     127.0.0.1:48378 - "GET /health HTTP/1.1" 200 OK
2025-11-19 09:09:30,987 INFO pca: ⏳ Rewriting policy from analysis JSON ...
2025-11-19 09:09:30,987 INFO pca: … rewrite pass on clause 1/119 (C-0000)
/home/trey/projects/compliance_document_analysis/.venv/lib/python3.12/site-packages/transformers/generation/configuration_utils.py:601: UserWarning: `do_sample` is set to `False`. However, `temperature` is set to `0.7` -- this flag is only used in sample-based generation modes. You should set `do_sample=True` or unset `temperature`.
  warnings.warn(
/home/trey/projects/compliance_document_analysis/.venv/lib/python3.12/site-packages/transformers/generation/configuration_utils.py:606: UserWarning: `do_sample` is set to `False`. However, `top_p` is set to `0.8` -- this flag is only used in sample-based generation modes. You should set `do_sample=True` or unset `top_p`.
  warnings.warn(
/home/trey/projects/compliance_document_analysis/.venv/lib/python3.12/site-packages/transformers/generation/configuration_utils.py:623: UserWarning: `do_sample` is set to `False`. However, `top_k` is set to `20` -- this flag is only used in sample-based generation modes. You should set `do_sample=True` or unset `top_k`.
  warnings.warn(
Starting from v4.46, the `logits` model output will have the same type as the model (except at train time, where it will always be FP32)
You seem to be using the pipelines sequentially on GPU. In order to maximize efficiency please use a dataset
2025-11-19 09:10:03,331 INFO pca: … rewrite pass on clause 25/119 (C-0024)
2025-11-19 09:11:01,543 INFO pca: … rewrite pass on clause 50/119 (C-0049)
2025-11-19 09:12:21,333 INFO pca: … rewrite pass on clause 75/119 (C-0074)
2025-11-19 09:13:51,623 INFO pca: … rewrite pass on clause 100/119 (C-0099)
2025-11-19 09:14:38,270 INFO pca: … rewrite pass on clause 119/119 (C-0118)
2025-11-19 09:14:42,721 INFO pca: ✅ Rewriting policy from analysis JSON (311.73s)
INFO:     127.0.0.1:48380 - "POST /rewrite-txt-from-json?result=my_run.json&policy=mid_generated_policy.txt HTTP/1.1" 200 OK
INFO:     Shutting down
INFO:     Waiting for application shutdown.
INFO:     Application shutdown complete.
INFO:     Finished server process [96848]
