2025-11-19 09:04:34,098 INFO sentence_transformers.SentenceTransformer: Use pytorch device_name: cuda
2025-11-19 09:04:34,098 INFO sentence_transformers.SentenceTransformer: Load pretrained SentenceTransformer: sentence-transformers/all-mpnet-base-v2
INFO:     Started server process [91349]
INFO:     Waiting for application startup.
INFO:     Application startup complete.
INFO:     Uvicorn running on http://0.0.0.0:8000 (Press CTRL+C to quit)
INFO:     127.0.0.1:51864 - "GET /health HTTP/1.1" 200 OK
INFO:     127.0.0.1:51868 - "GET /health HTTP/1.1" 200 OK
2025-11-19 09:04:38,417 INFO pca: ⏳ Rewriting policy from analysis JSON ...
2025-11-19 09:04:38,417 INFO pca: … rewrite pass on clause 1/119 (C-0000)
/home/trey/projects/compliance_document_analysis/.venv/lib/python3.12/site-packages/transformers/generation/configuration_utils.py:601: UserWarning: `do_sample` is set to `False`. However, `temperature` is set to `0.7` -- this flag is only used in sample-based generation modes. You should set `do_sample=True` or unset `temperature`.
  warnings.warn(
/home/trey/projects/compliance_document_analysis/.venv/lib/python3.12/site-packages/transformers/generation/configuration_utils.py:606: UserWarning: `do_sample` is set to `False`. However, `top_p` is set to `0.8` -- this flag is only used in sample-based generation modes. You should set `do_sample=True` or unset `top_p`.
  warnings.warn(
/home/trey/projects/compliance_document_analysis/.venv/lib/python3.12/site-packages/transformers/generation/configuration_utils.py:623: UserWarning: `do_sample` is set to `False`. However, `top_k` is set to `20` -- this flag is only used in sample-based generation modes. You should set `do_sample=True` or unset `top_k`.
  warnings.warn(
Starting from v4.46, the `logits` model output will have the same type as the model (except at train time, where it will always be FP32)
You seem to be using the pipelines sequentially on GPU. In order to maximize efficiency please use a dataset
2025-11-19 09:05:19,241 INFO pca: … rewrite pass on clause 25/119 (C-0024)
2025-11-19 09:06:15,264 INFO pca: … rewrite pass on clause 50/119 (C-0049)
2025-11-19 09:07:13,690 INFO pca: … rewrite pass on clause 75/119 (C-0074)
2025-11-19 09:08:09,919 INFO pca: … rewrite pass on clause 100/119 (C-0099)
2025-11-19 09:08:53,864 INFO pca: … rewrite pass on clause 119/119 (C-0118)
2025-11-19 09:08:56,237 INFO pca: ✅ Rewriting policy from analysis JSON (257.82s)
INFO:     127.0.0.1:51876 - "POST /rewrite-txt-from-json?result=my_run.json&policy=mid_generated_policy.txt HTTP/1.1" 200 OK
INFO:     Shutting down
INFO:     Waiting for application shutdown.
INFO:     Application shutdown complete.
INFO:     Finished server process [91349]
